<?xml version="1.0" encoding="UTF-8"?>
<testng-results skipped="0" failed="0" total="1" passed="1">
  <reporter-output>
  </reporter-output>
  <suite name="Default suite" duration-ms="494549" started-at="2019-09-26T03:28:21Z" finished-at="2019-09-26T03:36:36Z">
    <groups>
    </groups>
    <test name="Default test" duration-ms="494549" started-at="2019-09-26T03:28:21Z" finished-at="2019-09-26T03:36:36Z">
      <class name="Avis.TestScripts.Avis_GUI_VoidRental">
        <test-method status="PASS" signature="startReport()[pri:0, instance:Avis.TestScripts.Avis_GUI_VoidRental@5b275dab]" name="startReport" is-config="true" duration-ms="234" started-at="2019-09-26T08:58:21Z" finished-at="2019-09-26T08:58:21Z">
          <reporter-output>
          </reporter-output>
        </test-method> <!-- startReport -->
        <test-method status="PASS" signature="test()[pri:0, instance:Avis.TestScripts.Avis_GUI_VoidRental@5b275dab]" name="test" duration-ms="494298" started-at="2019-09-26T08:58:21Z" finished-at="2019-09-26T09:06:36Z">
          <reporter-output>
          </reporter-output>
        </test-method> <!-- test -->
      </class> <!-- Avis.TestScripts.Avis_GUI_VoidRental -->
    </test> <!-- Default test -->
  </suite> <!-- Default suite -->
</testng-results>
